============================= test session starts ==============================
platform linux -- Python 3.12.3, pytest-8.3.5, pluggy-1.6.0
rootdir: /root/autodl-tmp/codex_fibocom_vla_20260825/src_fb0d04a8/tests/unit_tests
configfile: pytest.ini
plugins: anyio-4.10.0
collected 131 items

tests/unit_tests/projects/fibocom_vla/test_action_adapter.py ........... [  8%]
..                                                                       [  9%]
tests/unit_tests/projects/fibocom_vla/test_contracts_safety.py ........  [ 16%]
tests/unit_tests/projects/fibocom_vla/test_factories.py ....             [ 19%]
tests/unit_tests/projects/fibocom_vla/test_hardware_freshness.py ....... [ 24%]
.                                                                        [ 25%]
tests/unit_tests/projects/fibocom_vla/test_hardware_lifecycle.py ....... [ 30%]
.......                                                                  [ 35%]
tests/unit_tests/projects/fibocom_vla/test_kinematics_adapter.py ....... [ 41%]
......                                                                   [ 45%]
tests/unit_tests/projects/fibocom_vla/test_openpi_adapter.py ....        [ 48%]
tests/unit_tests/projects/fibocom_vla/test_openpi_rtc.py ......          [ 53%]
tests/unit_tests/projects/fibocom_vla/test_policy_adapter.py ........    [ 59%]
tests/unit_tests/projects/fibocom_vla/test_profiling_tensorrt.py ....... [ 64%]
.....                                                                    [ 68%]
tests/unit_tests/projects/fibocom_vla/test_residual_policy.py ..         [ 70%]
tests/unit_tests/projects/fibocom_vla/test_residual_trainer.py ......... [ 77%]
.                                                                        [ 77%]
tests/unit_tests/projects/fibocom_vla/test_rewards_gae.py ...            [ 80%]
tests/unit_tests/projects/fibocom_vla/test_rollout_archive.py ..         [ 81%]
tests/unit_tests/projects/fibocom_vla/test_rollout_collector.py ..       [ 83%]
tests/unit_tests/projects/fibocom_vla/test_runtime_mock.py ......        [ 87%]
tests/unit_tests/projects/fibocom_vla/test_speculative_rtc.py .......... [ 95%]
....                                                                     [ 98%]
tests/unit_tests/projects/fibocom_vla/test_training_lineage.py ..        [100%]

============================= 131 passed in 5.20s ==============================
