============================= test session starts ==============================
platform linux -- Python 3.11.14, pytest-8.3.5, pluggy-1.6.0
rootdir: /root/autodl-tmp/codex_fibocom_quickstart_20260826_627f5300_mirror/RLinf/tests/unit_tests
configfile: pytest.ini
collected 322 items

tests/unit_tests/projects/fibocom_vla/test_action_adapter.py ........... [  3%]
..                                                                       [  4%]
tests/unit_tests/projects/fibocom_vla/test_assets.py ...............     [  8%]
tests/unit_tests/projects/fibocom_vla/test_contracts_safety.py ........  [ 11%]
tests/unit_tests/projects/fibocom_vla/test_draft_assets.py ............. [ 15%]
....                                                                     [ 16%]
tests/unit_tests/projects/fibocom_vla/test_draft_head.py ............... [ 21%]
....                                                                     [ 22%]
tests/unit_tests/projects/fibocom_vla/test_factories.py ................ [ 27%]
....                                                                     [ 28%]
tests/unit_tests/projects/fibocom_vla/test_hardware_freshness.py ....... [ 30%]
.                                                                        [ 31%]
tests/unit_tests/projects/fibocom_vla/test_hardware_lifecycle.py ....... [ 33%]
.......                                                                  [ 35%]
tests/unit_tests/projects/fibocom_vla/test_kinematics_adapter.py ....... [ 37%]
......                                                                   [ 39%]
tests/unit_tests/projects/fibocom_vla/test_openpi_adapter.py .......     [ 41%]
tests/unit_tests/projects/fibocom_vla/test_openpi_checkpoint_report.py . [ 41%]
.......                                                                  [ 44%]
tests/unit_tests/projects/fibocom_vla/test_openpi_cuda_graph.py ........ [ 46%]
..ssss..                                                                 [ 49%]
tests/unit_tests/projects/fibocom_vla/test_openpi_production_speculative.py . [ 49%]
...                                                                      [ 50%]
tests/unit_tests/projects/fibocom_vla/test_openpi_rtc.py ......          [ 52%]
tests/unit_tests/projects/fibocom_vla/test_openpi_speculative.py ....... [ 54%]
.........                                                                [ 57%]
tests/unit_tests/projects/fibocom_vla/test_pi05_draft.py ..............  [ 61%]
tests/unit_tests/projects/fibocom_vla/test_pi05_draft_training.py ...... [ 63%]
........                                                                 [ 65%]
tests/unit_tests/projects/fibocom_vla/test_policy_adapter.py ........    [ 68%]
tests/unit_tests/projects/fibocom_vla/test_profiling_tensorrt.py ....... [ 70%]
.....                                                                    [ 72%]
tests/unit_tests/projects/fibocom_vla/test_residual_policy.py ..         [ 72%]
tests/unit_tests/projects/fibocom_vla/test_residual_trainer.py ......... [ 75%]
.                                                                        [ 75%]
tests/unit_tests/projects/fibocom_vla/test_rewards_gae.py ...            [ 76%]
tests/unit_tests/projects/fibocom_vla/test_robotwin_retargeting.py ..... [ 78%]
...................                                                      [ 84%]
tests/unit_tests/projects/fibocom_vla/test_rollout_archive.py ..         [ 84%]
tests/unit_tests/projects/fibocom_vla/test_rollout_collector.py ..       [ 85%]
tests/unit_tests/projects/fibocom_vla/test_runtime_mock.py ......        [ 87%]
tests/unit_tests/projects/fibocom_vla/test_speculative_rtc.py .......... [ 90%]
....                                                                     [ 91%]
tests/unit_tests/projects/fibocom_vla/test_tensorrt_build.py ........... [ 95%]
..                                                                       [ 95%]
tests/unit_tests/projects/fibocom_vla/test_training_lineage.py ..        [ 96%]
tests/unit_tests/projects/fibocom_vla/test_triton_speculative.py ....... [ 98%]
....s                                                                    [100%]

======================== 317 passed, 5 skipped in 9.32s ========================
